Performing C SOURCE FILE Test CMAKE_HAVE_LIBC_PTHREAD failed with the following output:
Change Dir: /home/lyh/CLionProjects/catkin_ws/src/drivable/cmake-build-debug/CMakeFiles/CMakeTmp

Run Build Command(s):/usr/bin/make cmTC_39a86/fast && /usr/bin/make -f CMakeFiles/cmTC_39a86.dir/build.make CMakeFiles/cmTC_39a86.dir/build
make[1]: Entering directory '/home/lyh/CLionProjects/catkin_ws/src/drivable/cmake-build-debug/CMakeFiles/CMakeTmp'
Building C object CMakeFiles/cmTC_39a86.dir/src.c.o
/usr/bin/cc   -DCMAKE_HAVE_LIBC_PTHREAD   -o CMakeFiles/cmTC_39a86.dir/src.c.o   -c /home/lyh/CLionProjects/catkin_ws/src/drivable/cmake-build-debug/CMakeFiles/CMakeTmp/src.c
Linking C executable cmTC_39a86
/home/lyh/下载/clion-2019.3.2/bin/cmake/linux/bin/cmake -E cmake_link_script CMakeFiles/cmTC_39a86.dir/link.txt --verbose=1
/usr/bin/cc  -DCMAKE_HAVE_LIBC_PTHREAD    -rdynamic CMakeFiles/cmTC_39a86.dir/src.c.o  -o cmTC_39a86 
CMakeFiles/cmTC_39a86.dir/src.c.o：在函数‘main’中：
src.c:(.text+0x3c)：对‘pthread_create’未定义的引用
src.c:(.text+0x48)：对‘pthread_detach’未定义的引用
src.c:(.text+0x59)：对‘pthread_join’未定义的引用
src.c:(.text+0x6d)：对‘pthread_atfork’未定义的引用
collect2: error: ld returned 1 exit status
CMakeFiles/cmTC_39a86.dir/build.make:86: recipe for target 'cmTC_39a86' failed
make[1]: *** [cmTC_39a86] Error 1
make[1]: Leaving directory '/home/lyh/CLionProjects/catkin_ws/src/drivable/cmake-build-debug/CMakeFiles/CMakeTmp'
Makefile:121: recipe for target 'cmTC_39a86/fast' failed
make: *** [cmTC_39a86/fast] Error 2


Source file was:
#include <pthread.h>

void* test_func(void* data)
{
  return data;
}

int main(void)
{
  pthread_t thread;
  pthread_create(&thread, NULL, test_func, NULL);
  pthread_detach(thread);
  pthread_join(thread, NULL);
  pthread_atfork(NULL, NULL, NULL);
  pthread_exit(NULL);

  return 0;
}

Determining if the function pthread_create exists in the pthreads failed with the following output:
Change Dir: /home/lyh/CLionProjects/catkin_ws/src/drivable/cmake-build-debug/CMakeFiles/CMakeTmp

Run Build Command(s):/usr/bin/make cmTC_e9f89/fast && /usr/bin/make -f CMakeFiles/cmTC_e9f89.dir/build.make CMakeFiles/cmTC_e9f89.dir/build
make[1]: Entering directory '/home/lyh/CLionProjects/catkin_ws/src/drivable/cmake-build-debug/CMakeFiles/CMakeTmp'
Building C object CMakeFiles/cmTC_e9f89.dir/CheckFunctionExists.c.o
/usr/bin/cc   -DCHECK_FUNCTION_EXISTS=pthread_create   -o CMakeFiles/cmTC_e9f89.dir/CheckFunctionExists.c.o   -c /home/lyh/下载/clion-2019.3.2/bin/cmake/linux/share/cmake-3.15/Modules/CheckFunctionExists.c
Linking C executable cmTC_e9f89
/home/lyh/下载/clion-2019.3.2/bin/cmake/linux/bin/cmake -E cmake_link_script CMakeFiles/cmTC_e9f89.dir/link.txt --verbose=1
/usr/bin/cc  -DCHECK_FUNCTION_EXISTS=pthread_create    -rdynamic CMakeFiles/cmTC_e9f89.dir/CheckFunctionExists.c.o  -o cmTC_e9f89 -lpthreads 
/usr/bin/ld: 找不到 -lpthreads
collect2: error: ld returned 1 exit status
CMakeFiles/cmTC_e9f89.dir/build.make:86: recipe for target 'cmTC_e9f89' failed
make[1]: *** [cmTC_e9f89] Error 1
make[1]: Leaving directory '/home/lyh/CLionProjects/catkin_ws/src/drivable/cmake-build-debug/CMakeFiles/CMakeTmp'
Makefile:121: recipe for target 'cmTC_e9f89/fast' failed
make: *** [cmTC_e9f89/fast] Error 2



